{
  "stats": {
    "suites": 33,
    "tests": 170,
    "passes": 162,
    "pending": 2,
    "failures": 6,
    "start": "2023-03-07T11:05:43.663Z",
    "end": "2023-03-07T11:12:43.662Z",
    "duration": 230916,
    "testsRegistered": 170,
    "passPercent": 95.29411764705883,
    "pendingPercent": 1.1764705882352942,
    "other": 0,
    "hasOther": false,
    "skipped": 0,
    "hasSkipped": false
  },
  "results": [
    {
      "uuid": "b4c97dcb-d674-4654-a2d5-c3a82ea232ca",
      "title": "",
      "fullFile": "cypress/e2e/2-advanced-examples/aliasing.cy.js",
      "file": "cypress/e2e/2-advanced-examples/aliasing.cy.js",
      "beforeHooks": [],
      "afterHooks": [],
      "tests": [],
      "suites": [
        {
          "uuid": "aa4207a8-94ea-4063-83b9-de2ba3ed0006",
          "title": "Aliasing",
          "fullFile": "",
          "file": "",
          "beforeHooks": [],
          "afterHooks": [],
          "tests": [
            {
              "title": ".as() - alias a DOM element for later use",
              "fullTitle": "Aliasing .as() - alias a DOM element for later use",
              "timedOut": null,
              "duration": 1455,
              "state": "passed",
              "speed": "fast",
              "pass": true,
              "fail": false,
              "pending": false,
              "context": null,
              "code": "// https://on.cypress.io/as\n// Alias a DOM element for use later\n// We don't have to traverse to the element\n// later in our code, we reference it with @\ncy.get('.as-table').find('tbody>tr').first().find('td').first().find('button').as('firstBtn');\n// when we reference the alias, we place an\n// @ in front of its name\ncy.get('@firstBtn').click();\ncy.get('@firstBtn').should('have.class', 'btn-success').and('contain', 'Changed');",
              "err": {},
              "uuid": "d99bf1ec-23df-45eb-ad50-e81bedc8a16d",
              "parentUUID": "aa4207a8-94ea-4063-83b9-de2ba3ed0006",
              "isHook": false,
              "skipped": false
            },
            {
              "title": ".as() - alias a route for later use",
              "fullTitle": "Aliasing .as() - alias a route for later use",
              "timedOut": null,
              "duration": 780,
              "state": "passed",
              "speed": "fast",
              "pass": true,
              "fail": false,
              "pending": false,
              "context": null,
              "code": "// Alias the route to wait for its response\ncy.intercept('GET', '**/comments/*').as('getComment');\n// we have code that gets a comment when\n// the button is clicked in scripts.js\ncy.get('.network-btn').click();\n// https://on.cypress.io/wait\ncy.wait('@getComment').its('response.statusCode').should('eq', 200);",
              "err": {},
              "uuid": "4275bce8-39b6-4ed9-bcd5-ac9f1f849769",
              "parentUUID": "aa4207a8-94ea-4063-83b9-de2ba3ed0006",
              "isHook": false,
              "skipped": false
            }
          ],
          "suites": [],
          "passes": [
            "d99bf1ec-23df-45eb-ad50-e81bedc8a16d",
            "4275bce8-39b6-4ed9-bcd5-ac9f1f849769"
          ],
          "failures": [],
          "pending": [],
          "skipped": [],
          "duration": 2235,
          "root": false,
          "rootEmpty": false,
          "_timeout": 2000
        }
      ],
      "passes": [],
      "failures": [],
      "pending": [],
      "skipped": [],
      "duration": 0,
      "root": true,
      "rootEmpty": true,
      "_timeout": 2000
    },
    {
      "uuid": "66132084-d2cb-4c53-b1f0-5f7fd10c1076",
      "title": "",
      "fullFile": "cypress/e2e/2-advanced-examples/assertions.cy.js",
      "file": "cypress/e2e/2-advanced-examples/assertions.cy.js",
      "beforeHooks": [],
      "afterHooks": [],
      "tests": [],
      "suites": [
        {
          "uuid": "8e49ff3c-de9f-41da-8005-b8016fd52b29",
          "title": "Assertions",
          "fullFile": "",
          "file": "",
          "beforeHooks": [],
          "afterHooks": [],
          "tests": [],
          "suites": [
            {
              "uuid": "974ecc89-d7cf-46ae-8f5f-dfbef1ed82bb",
              "title": "Implicit Assertions",
              "fullFile": "",
              "file": "",
              "beforeHooks": [],
              "afterHooks": [],
              "tests": [
                {
                  "title": ".should() - make an assertion about the current subject",
                  "fullTitle": "Assertions Implicit Assertions .should() - make an assertion about the current subject",
                  "timedOut": null,
                  "duration": 666,
                  "state": "passed",
                  "speed": "fast",
                  "pass": true,
                  "fail": false,
                  "pending": false,
                  "context": null,
                  "code": "// https://on.cypress.io/should\ncy.get('.assertion-table').find('tbody tr:last').should('have.class', 'success').find('td').first()\n// checking the text of the <td> element in various ways\n.should('have.text', 'Column content').should('contain', 'Column content').should('have.html', 'Column content')\n// chai-jquery uses \"is()\" to check if element matches selector\n.should('match', 'td')\n// to match text content against a regular expression\n// first need to invoke jQuery method text()\n// and then match using regular expression\n.invoke('text').should('match', /column content/i);\n// a better way to check element's text content against a regular expression\n// is to use \"cy.contains\"\n// https://on.cypress.io/contains\ncy.get('.assertion-table').find('tbody tr:last')\n// finds first <td> element with text content matching regular expression\n.contains('td', /column content/i).should('be.visible');\n// for more information about asserting element's text\n// see https://on.cypress.io/using-cypress-faq#How-do-I-get-an-element’s-text-contents",
                  "err": {},
                  "uuid": "cab21fc5-884c-4b58-8977-13920355a64e",
                  "parentUUID": "974ecc89-d7cf-46ae-8f5f-dfbef1ed82bb",
                  "isHook": false,
                  "skipped": false
                },
                {
                  "title": ".and() - chain multiple assertions together",
                  "fullTitle": "Assertions Implicit Assertions .and() - chain multiple assertions together",
                  "timedOut": null,
                  "duration": 241,
                  "state": "passed",
                  "speed": "fast",
                  "pass": true,
                  "fail": false,
                  "pending": false,
                  "context": null,
                  "code": "// https://on.cypress.io/and\ncy.get('.assertions-link').should('have.class', 'active').and('have.attr', 'href').and('include', 'cypress.io');",
                  "err": {},
                  "uuid": "51867af1-1580-419a-8973-3f5760e2106c",
                  "parentUUID": "974ecc89-d7cf-46ae-8f5f-dfbef1ed82bb",
                  "isHook": false,
                  "skipped": false
                }
              ],
              "suites": [],
              "passes": [
                "cab21fc5-884c-4b58-8977-13920355a64e",
                "51867af1-1580-419a-8973-3f5760e2106c"
              ],
              "failures": [],
              "pending": [],
              "skipped": [],
              "duration": 907,
              "root": false,
              "rootEmpty": false,
              "_timeout": 2000
            },
            {
              "uuid": "219192e6-0071-401a-8dc6-350fe716e9cd",
              "title": "Explicit Assertions",
              "fullFile": "",
              "file": "",
              "beforeHooks": [],
              "afterHooks": [],
              "tests": [
                {
                  "title": "expect - make an assertion about a specified subject",
                  "fullTitle": "Assertions Explicit Assertions expect - make an assertion about a specified subject",
                  "timedOut": null,
                  "duration": 302,
                  "state": "passed",
                  "speed": "fast",
                  "pass": true,
                  "fail": false,
                  "pending": false,
                  "context": null,
                  "code": "// We can use Chai's BDD style assertions\nexpect(true).to.be.true;\nconst o = {\n  foo: 'bar'\n};\nexpect(o).to.equal(o);\nexpect(o).to.deep.equal({\n  foo: 'bar'\n});\n// matching text using regular expression\nexpect('FooBar').to.match(/bar$/i);",
                  "err": {},
                  "uuid": "88ebfaf7-63a6-4d40-b11f-73a2d6df5739",
                  "parentUUID": "219192e6-0071-401a-8dc6-350fe716e9cd",
                  "isHook": false,
                  "skipped": false
                },
                {
                  "title": "pass your own callback function to should()",
                  "fullTitle": "Assertions Explicit Assertions pass your own callback function to should()",
                  "timedOut": null,
                  "duration": 167,
                  "state": "passed",
                  "speed": "fast",
                  "pass": true,
                  "fail": false,
                  "pending": false,
                  "context": null,
                  "code": "// Pass a function to should that can have any number\n// of explicit assertions within it.\n// The \".should(cb)\" function will be retried\n// automatically until it passes all your explicit assertions or times out.\ncy.get('.assertions-p').find('p').should($p => {\n  // https://on.cypress.io/$\n  // return an array of texts from all of the p's\n  const texts = $p.map((i, el) => Cypress.$(el).text());\n  // jquery map returns jquery object\n  // and .get() convert this to simple array\n  const paragraphs = texts.get();\n  // array should have length of 3\n  expect(paragraphs, 'has 3 paragraphs').to.have.length(3);\n  // use second argument to expect(...) to provide clear\n  // message with each assertion\n  expect(paragraphs, 'has expected text in each paragraph').to.deep.eq(['Some text from first p', 'More text from second p', 'And even more text from third p']);\n});",
                  "err": {},
                  "uuid": "9d206d92-0f05-4e69-a8b4-be239b8408cb",
                  "parentUUID": "219192e6-0071-401a-8dc6-350fe716e9cd",
                  "isHook": false,
                  "skipped": false
                },
                {
                  "title": "finds element by class name regex",
                  "fullTitle": "Assertions Explicit Assertions finds element by class name regex",
                  "timedOut": null,
                  "duration": 543,
                  "state": "passed",
                  "speed": "fast",
                  "pass": true,
                  "fail": false,
                  "pending": false,
                  "context": null,
                  "code": "cy.get('.docs-header').find('div')\n// .should(cb) callback function will be retried\n.should($div => {\n  expect($div).to.have.length(1);\n  const className = $div[0].className;\n  expect(className).to.match(/heading-/);\n})\n// .then(cb) callback is not retried,\n// it either passes or fails\n.then($div => {\n  expect($div, 'text content').to.have.text('Introduction');\n});",
                  "err": {},
                  "uuid": "73f7210d-cdf7-4762-9ef7-c966ecb9a934",
                  "parentUUID": "219192e6-0071-401a-8dc6-350fe716e9cd",
                  "isHook": false,
                  "skipped": false
                },
                {
                  "title": "can throw any error",
                  "fullTitle": "Assertions Explicit Assertions can throw any error",
                  "timedOut": null,
                  "duration": 327,
                  "state": "passed",
                  "speed": "fast",
                  "pass": true,
                  "fail": false,
                  "pending": false,
                  "context": null,
                  "code": "cy.get('.docs-header').find('div').should($div => {\n  if ($div.length !== 1) {\n    // you can throw your own errors\n    throw new Error('Did not find 1 element');\n  }\n  const className = $div[0].className;\n  if (!className.match(/heading-/)) {\n    throw new Error(`Could not find class \"heading-\" in ${className}`);\n  }\n});",
                  "err": {},
                  "uuid": "4e7f2683-ef98-49f3-adc9-e367cf916621",
                  "parentUUID": "219192e6-0071-401a-8dc6-350fe716e9cd",
                  "isHook": false,
                  "skipped": false
                },
                {
                  "title": "matches unknown text between two elements",
                  "fullTitle": "Assertions Explicit Assertions matches unknown text between two elements",
                  "timedOut": null,
                  "duration": 155,
                  "state": "passed",
                  "speed": "fast",
                  "pass": true,
                  "fail": false,
                  "pending": false,
                  "context": null,
                  "code": "/**\n * Text from the first element.\n * @type {string}\n*/\nlet text;\n/**\n * Normalizes passed text,\n * useful before comparing text with spaces and different capitalization.\n * @param {string} s Text to normalize\n*/\nconst normalizeText = s => s.replace(/\\s/g, '').toLowerCase();\ncy.get('.two-elements').find('.first').then($first => {\n  // save text from the first element\n  text = normalizeText($first.text());\n});\ncy.get('.two-elements').find('.second').should($div => {\n  // we can massage text before comparing\n  const secondText = normalizeText($div.text());\n  expect(secondText, 'second text').to.equal(text);\n});",
                  "err": {},
                  "uuid": "c970d01f-992f-4d57-940b-30c70b84965f",
                  "parentUUID": "219192e6-0071-401a-8dc6-350fe716e9cd",
                  "isHook": false,
                  "skipped": false
                },
                {
                  "title": "assert - assert shape of an object",
                  "fullTitle": "Assertions Explicit Assertions assert - assert shape of an object",
                  "timedOut": null,
                  "duration": 489,
                  "state": "passed",
                  "speed": "fast",
                  "pass": true,
                  "fail": false,
                  "pending": false,
                  "context": null,
                  "code": "const person = {\n  name: 'Joe',\n  age: 20\n};\nassert.isObject(person, 'value is object');",
                  "err": {},
                  "uuid": "303e4723-b0d1-4e3b-93f4-62fc4035f008",
                  "parentUUID": "219192e6-0071-401a-8dc6-350fe716e9cd",
                  "isHook": false,
                  "skipped": false
                },
                {
                  "title": "retries the should callback until assertions pass",
                  "fullTitle": "Assertions Explicit Assertions retries the should callback until assertions pass",
                  "timedOut": null,
                  "duration": 1640,
                  "state": "passed",
                  "speed": "fast",
                  "pass": true,
                  "fail": false,
                  "pending": false,
                  "context": null,
                  "code": "cy.get('#random-number').should($div => {\n  const n = parseFloat($div.text());\n  expect(n).to.be.gte(1).and.be.lte(10);\n});",
                  "err": {},
                  "uuid": "3fec1451-6f00-4c8f-b246-c5e5a0acb06d",
                  "parentUUID": "219192e6-0071-401a-8dc6-350fe716e9cd",
                  "isHook": false,
                  "skipped": false
                }
              ],
              "suites": [],
              "passes": [
                "88ebfaf7-63a6-4d40-b11f-73a2d6df5739",
                "9d206d92-0f05-4e69-a8b4-be239b8408cb",
                "73f7210d-cdf7-4762-9ef7-c966ecb9a934",
                "4e7f2683-ef98-49f3-adc9-e367cf916621",
                "c970d01f-992f-4d57-940b-30c70b84965f",
                "303e4723-b0d1-4e3b-93f4-62fc4035f008",
                "3fec1451-6f00-4c8f-b246-c5e5a0acb06d"
              ],
              "failures": [],
              "pending": [],
              "skipped": [],
              "duration": 3623,
              "root": false,
              "rootEmpty": false,
              "_timeout": 2000
            }
          ],
          "passes": [],
          "failures": [],
          "pending": [],
          "skipped": [],
          "duration": 0,
          "root": false,
          "rootEmpty": false,
          "_timeout": 2000
        }
      ],
      "passes": [],
      "failures": [],
      "pending": [],
      "skipped": [],
      "duration": 0,
      "root": true,
      "rootEmpty": true,
      "_timeout": 2000
    },
    {
      "uuid": "f0ee0970-129a-46be-9fdf-ba0d932351c5",
      "title": "",
      "fullFile": "cypress/e2e/2-advanced-examples/connectors.cy.js",
      "file": "cypress/e2e/2-advanced-examples/connectors.cy.js",
      "beforeHooks": [],
      "afterHooks": [],
      "tests": [],
      "suites": [
        {
          "uuid": "3c609a30-4bbf-4559-a99f-70f688b85e0e",
          "title": "Connectors",
          "fullFile": "",
          "file": "",
          "beforeHooks": [],
          "afterHooks": [],
          "tests": [
            {
              "title": ".each() - iterate over an array of elements",
              "fullTitle": "Connectors .each() - iterate over an array of elements",
              "timedOut": null,
              "duration": 1435,
              "state": "passed",
              "speed": "fast",
              "pass": true,
              "fail": false,
              "pending": false,
              "context": null,
              "code": "// https://on.cypress.io/each\ncy.get('.connectors-each-ul>li').each(($el, index, $list) => {\n  console.log($el, index, $list);\n});",
              "err": {},
              "uuid": "fddc8811-8e01-4e7a-8b9a-538f8a6547e8",
              "parentUUID": "3c609a30-4bbf-4559-a99f-70f688b85e0e",
              "isHook": false,
              "skipped": false
            },
            {
              "title": ".its() - get properties on the current subject",
              "fullTitle": "Connectors .its() - get properties on the current subject",
              "timedOut": null,
              "duration": 183,
              "state": "passed",
              "speed": "fast",
              "pass": true,
              "fail": false,
              "pending": false,
              "context": null,
              "code": "// https://on.cypress.io/its\ncy.get('.connectors-its-ul>li')\n// calls the 'length' property yielding that value\n.its('length').should('be.gt', 2);",
              "err": {},
              "uuid": "a911fb35-9708-4e55-b1fa-a68e1fea1adc",
              "parentUUID": "3c609a30-4bbf-4559-a99f-70f688b85e0e",
              "isHook": false,
              "skipped": false
            },
            {
              "title": ".invoke() - invoke a function on the current subject",
              "fullTitle": "Connectors .invoke() - invoke a function on the current subject",
              "timedOut": null,
              "duration": 160,
              "state": "passed",
              "speed": "fast",
              "pass": true,
              "fail": false,
              "pending": false,
              "context": null,
              "code": "// our div is hidden in our script.js\n// $('.connectors-div').hide()\n// https://on.cypress.io/invoke\ncy.get('.connectors-div').should('be.hidden')\n// call the jquery method 'show' on the 'div.container'\n.invoke('show').should('be.visible');",
              "err": {},
              "uuid": "3cd3f92f-df82-425f-86be-826c9b8c408d",
              "parentUUID": "3c609a30-4bbf-4559-a99f-70f688b85e0e",
              "isHook": false,
              "skipped": false
            },
            {
              "title": ".spread() - spread an array as individual args to callback function",
              "fullTitle": "Connectors .spread() - spread an array as individual args to callback function",
              "timedOut": null,
              "duration": 153,
              "state": "passed",
              "speed": "fast",
              "pass": true,
              "fail": false,
              "pending": false,
              "context": null,
              "code": "// https://on.cypress.io/spread\nconst arr = ['foo', 'bar', 'baz'];\ncy.wrap(arr).spread((foo, bar, baz) => {\n  expect(foo).to.eq('foo');\n  expect(bar).to.eq('bar');\n  expect(baz).to.eq('baz');\n});",
              "err": {},
              "uuid": "3249e34c-9e25-40f0-bc60-0bcd9909d74d",
              "parentUUID": "3c609a30-4bbf-4559-a99f-70f688b85e0e",
              "isHook": false,
              "skipped": false
            }
          ],
          "suites": [
            {
              "uuid": "02f13d2b-0c25-4903-ae61-9c00c614e8c7",
              "title": ".then()",
              "fullFile": "",
              "file": "",
              "beforeHooks": [],
              "afterHooks": [],
              "tests": [
                {
                  "title": "invokes a callback function with the current subject",
                  "fullTitle": "Connectors .then() invokes a callback function with the current subject",
                  "timedOut": null,
                  "duration": 178,
                  "state": "passed",
                  "speed": "fast",
                  "pass": true,
                  "fail": false,
                  "pending": false,
                  "context": null,
                  "code": "// https://on.cypress.io/then\ncy.get('.connectors-list > li').then($lis => {\n  expect($lis, '3 items').to.have.length(3);\n  expect($lis.eq(0), 'first item').to.contain('Walk the dog');\n  expect($lis.eq(1), 'second item').to.contain('Feed the cat');\n  expect($lis.eq(2), 'third item').to.contain('Write JavaScript');\n});",
                  "err": {},
                  "uuid": "1348be80-6add-412c-bbbe-b3c983838d6e",
                  "parentUUID": "02f13d2b-0c25-4903-ae61-9c00c614e8c7",
                  "isHook": false,
                  "skipped": false
                },
                {
                  "title": "yields the returned value to the next command",
                  "fullTitle": "Connectors .then() yields the returned value to the next command",
                  "timedOut": null,
                  "duration": 163,
                  "state": "passed",
                  "speed": "fast",
                  "pass": true,
                  "fail": false,
                  "pending": false,
                  "context": null,
                  "code": "cy.wrap(1).then(num => {\n  expect(num).to.equal(1);\n  return 2;\n}).then(num => {\n  expect(num).to.equal(2);\n});",
                  "err": {},
                  "uuid": "fb798174-6c09-403e-825d-d8f0e34d8363",
                  "parentUUID": "02f13d2b-0c25-4903-ae61-9c00c614e8c7",
                  "isHook": false,
                  "skipped": false
                },
                {
                  "title": "yields the original subject without return",
                  "fullTitle": "Connectors .then() yields the original subject without return",
                  "timedOut": null,
                  "duration": 194,
                  "state": "passed",
                  "speed": "fast",
                  "pass": true,
                  "fail": false,
                  "pending": false,
                  "context": null,
                  "code": "cy.wrap(1).then(num => {\n  expect(num).to.equal(1);\n  // note that nothing is returned from this callback\n}).then(num => {\n  // this callback receives the original unchanged value 1\n  expect(num).to.equal(1);\n});",
                  "err": {},
                  "uuid": "c29073e3-8a81-475f-b460-d4d82b71e83c",
                  "parentUUID": "02f13d2b-0c25-4903-ae61-9c00c614e8c7",
                  "isHook": false,
                  "skipped": false
                },
                {
                  "title": "yields the value yielded by the last Cypress command inside",
                  "fullTitle": "Connectors .then() yields the value yielded by the last Cypress command inside",
                  "timedOut": null,
                  "duration": 394,
                  "state": "passed",
                  "speed": "fast",
                  "pass": true,
                  "fail": false,
                  "pending": false,
                  "context": null,
                  "code": "cy.wrap(1).then(num => {\n  expect(num).to.equal(1);\n  // note how we run a Cypress command\n  // the result yielded by this Cypress command\n  // will be passed to the second \".then\"\n  cy.wrap(2);\n}).then(num => {\n  // this callback receives the value yielded by \"cy.wrap(2)\"\n  expect(num).to.equal(2);\n});",
                  "err": {},
                  "uuid": "dbddddf1-bd18-49a3-a9ac-ef403324aa00",
                  "parentUUID": "02f13d2b-0c25-4903-ae61-9c00c614e8c7",
                  "isHook": false,
                  "skipped": false
                }
              ],
              "suites": [],
              "passes": [
                "1348be80-6add-412c-bbbe-b3c983838d6e",
                "fb798174-6c09-403e-825d-d8f0e34d8363",
                "c29073e3-8a81-475f-b460-d4d82b71e83c",
                "dbddddf1-bd18-49a3-a9ac-ef403324aa00"
              ],
              "failures": [],
              "pending": [],
              "skipped": [],
              "duration": 929,
              "root": false,
              "rootEmpty": false,
              "_timeout": 2000
            }
          ],
          "passes": [
            "fddc8811-8e01-4e7a-8b9a-538f8a6547e8",
            "a911fb35-9708-4e55-b1fa-a68e1fea1adc",
            "3cd3f92f-df82-425f-86be-826c9b8c408d",
            "3249e34c-9e25-40f0-bc60-0bcd9909d74d"
          ],
          "failures": [],
          "pending": [],
          "skipped": [],
          "duration": 1931,
          "root": false,
          "rootEmpty": false,
          "_timeout": 2000
        }
      ],
      "passes": [],
      "failures": [],
      "pending": [],
      "skipped": [],
      "duration": 0,
      "root": true,
      "rootEmpty": true,
      "_timeout": 2000
    },
    {
      "uuid": "ac16bef8-615e-44ce-ada3-32c0291de47b",
      "title": "",
      "fullFile": "cypress/e2e/2-advanced-examples/cookies.cy.js",
      "file": "cypress/e2e/2-advanced-examples/cookies.cy.js",
      "beforeHooks": [],
      "afterHooks": [],
      "tests": [],
      "suites": [
        {
          "uuid": "17784985-e76c-4d18-a2e8-a0186ea83dbb",
          "title": "Cookies",
          "fullFile": "",
          "file": "",
          "beforeHooks": [],
          "afterHooks": [],
          "tests": [
            {
              "title": "cy.getCookie() - get a browser cookie",
              "fullTitle": "Cookies cy.getCookie() - get a browser cookie",
              "timedOut": null,
              "duration": 1087,
              "state": "passed",
              "speed": "fast",
              "pass": true,
              "fail": false,
              "pending": false,
              "context": null,
              "code": "// https://on.cypress.io/getcookie\ncy.get('#getCookie .set-a-cookie').click();\n// cy.getCookie() yields a cookie object\ncy.getCookie('token').should('have.property', 'value', '123ABC');",
              "err": {},
              "uuid": "2e865165-ebd3-4436-836b-bd4d2deb00e7",
              "parentUUID": "17784985-e76c-4d18-a2e8-a0186ea83dbb",
              "isHook": false,
              "skipped": false
            },
            {
              "title": "cy.getCookies() - get browser cookies",
              "fullTitle": "Cookies cy.getCookies() - get browser cookies",
              "timedOut": null,
              "duration": 581,
              "state": "passed",
              "speed": "fast",
              "pass": true,
              "fail": false,
              "pending": false,
              "context": null,
              "code": "// https://on.cypress.io/getcookies\ncy.getCookies().should('be.empty');\ncy.get('#getCookies .set-a-cookie').click();\n// cy.getCookies() yields an array of cookies\ncy.getCookies().should('have.length', 1).should(cookies => {\n  // each cookie has these properties\n  expect(cookies[0]).to.have.property('name', 'token');\n  expect(cookies[0]).to.have.property('value', '123ABC');\n  expect(cookies[0]).to.have.property('httpOnly', false);\n  expect(cookies[0]).to.have.property('secure', false);\n  expect(cookies[0]).to.have.property('domain');\n  expect(cookies[0]).to.have.property('path');\n});",
              "err": {},
              "uuid": "8810de0f-70f3-492d-8981-1ba8999fb26f",
              "parentUUID": "17784985-e76c-4d18-a2e8-a0186ea83dbb",
              "isHook": false,
              "skipped": false
            },
            {
              "title": "cy.setCookie() - set a browser cookie",
              "fullTitle": "Cookies cy.setCookie() - set a browser cookie",
              "timedOut": null,
              "duration": 169,
              "state": "passed",
              "speed": "fast",
              "pass": true,
              "fail": false,
              "pending": false,
              "context": null,
              "code": "// https://on.cypress.io/setcookie\ncy.getCookies().should('be.empty');\ncy.setCookie('foo', 'bar');\n// cy.getCookie() yields a cookie object\ncy.getCookie('foo').should('have.property', 'value', 'bar');",
              "err": {},
              "uuid": "4d7a6d49-caa4-4b7b-9c6d-d9f7ea9df008",
              "parentUUID": "17784985-e76c-4d18-a2e8-a0186ea83dbb",
              "isHook": false,
              "skipped": false
            },
            {
              "title": "cy.clearCookie() - clear a browser cookie",
              "fullTitle": "Cookies cy.clearCookie() - clear a browser cookie",
              "timedOut": null,
              "duration": 249,
              "state": "passed",
              "speed": "fast",
              "pass": true,
              "fail": false,
              "pending": false,
              "context": null,
              "code": "// https://on.cypress.io/clearcookie\ncy.getCookie('token').should('be.null');\ncy.get('#clearCookie .set-a-cookie').click();\ncy.getCookie('token').should('have.property', 'value', '123ABC');\n// cy.clearCookies() yields null\ncy.clearCookie('token').should('be.null');\ncy.getCookie('token').should('be.null');",
              "err": {},
              "uuid": "e7145c57-dcfa-40d1-9918-7ade3b98e759",
              "parentUUID": "17784985-e76c-4d18-a2e8-a0186ea83dbb",
              "isHook": false,
              "skipped": false
            },
            {
              "title": "cy.clearCookies() - clear browser cookies",
              "fullTitle": "Cookies cy.clearCookies() - clear browser cookies",
              "timedOut": null,
              "duration": 548,
              "state": "passed",
              "speed": "fast",
              "pass": true,
              "fail": false,
              "pending": false,
              "context": null,
              "code": "// https://on.cypress.io/clearcookies\ncy.getCookies().should('be.empty');\ncy.get('#clearCookies .set-a-cookie').click();\ncy.getCookies().should('have.length', 1);\n// cy.clearCookies() yields null\ncy.clearCookies();\ncy.getCookies().should('be.empty');",
              "err": {},
              "uuid": "4383df74-8a89-42be-b972-31d77b4bbee5",
              "parentUUID": "17784985-e76c-4d18-a2e8-a0186ea83dbb",
              "isHook": false,
              "skipped": false
            }
          ],
          "suites": [],
          "passes": [
            "2e865165-ebd3-4436-836b-bd4d2deb00e7",
            "8810de0f-70f3-492d-8981-1ba8999fb26f",
            "4d7a6d49-caa4-4b7b-9c6d-d9f7ea9df008",
            "e7145c57-dcfa-40d1-9918-7ade3b98e759",
            "4383df74-8a89-42be-b972-31d77b4bbee5"
          ],
          "failures": [],
          "pending": [],
          "skipped": [],
          "duration": 2634,
          "root": false,
          "rootEmpty": false,
          "_timeout": 2000
        }
      ],
      "passes": [],
      "failures": [],
      "pending": [],
      "skipped": [],
      "duration": 0,
      "root": true,
      "rootEmpty": true,
      "_timeout": 2000
    },
    {
      "uuid": "51cee97d-a492-4983-adb6-2509850c2231",
      "title": "",
      "fullFile": "cypress/e2e/2-advanced-examples/cypress_api.cy.js",
      "file": "cypress/e2e/2-advanced-examples/cypress_api.cy.js",
      "beforeHooks": [],
      "afterHooks": [],
      "tests": [],
      "suites": [
        {
          "uuid": "3ae5b822-2cdf-4e60-b9cc-064cf2a06ba7",
          "title": "Cypress.Commands",
          "fullFile": "",
          "file": "",
          "beforeHooks": [],
          "afterHooks": [],
          "tests": [
            {
              "title": ".add() - create a custom command",
              "fullTitle": "Cypress.Commands .add() - create a custom command",
              "timedOut": null,
              "duration": 530,
              "state": "passed",
              "speed": "fast",
              "pass": true,
              "fail": false,
              "pending": false,
              "context": null,
              "code": "Cypress.Commands.add('console', {\n  prevSubject: true\n}, (subject, method) => {\n  // the previous subject is automatically received\n  // and the commands arguments are shifted\n  // allow us to change the console method used\n  method = method || 'log';\n  // log the subject to the console\n  console[method]('The subject is', subject);\n  // whatever we return becomes the new subject\n  // we don't want to change the subject so\n  // we return whatever was passed in\n  return subject;\n});\ncy.get('button').console('info').then($button => {\n  // subject is still $button\n});",
              "err": {},
              "uuid": "1d9ae75e-0276-4031-b6ac-3d6912e9e55c",
              "parentUUID": "3ae5b822-2cdf-4e60-b9cc-064cf2a06ba7",
              "isHook": false,
              "skipped": false
            }
          ],
          "suites": [],
          "passes": [
            "1d9ae75e-0276-4031-b6ac-3d6912e9e55c"
          ],
          "failures": [],
          "pending": [],
          "skipped": [],
          "duration": 530,
          "root": false,
          "rootEmpty": false,
          "_timeout": 2000
        },
        {
          "uuid": "b183fb4b-29b8-4662-a0d4-8b424f1d88bc",
          "title": "Cypress.Cookies",
          "fullFile": "",
          "file": "",
          "beforeHooks": [],
          "afterHooks": [],
          "tests": [
            {
              "title": ".debug() - enable or disable debugging",
              "fullTitle": "Cypress.Cookies .debug() - enable or disable debugging",
              "timedOut": null,
              "duration": 473,
              "state": "passed",
              "speed": "fast",
              "pass": true,
              "fail": false,
              "pending": false,
              "context": null,
              "code": "Cypress.Cookies.debug(true);\n// Cypress will now log in the console when\n// cookies are set or cleared\ncy.setCookie('fakeCookie', '123ABC');\ncy.clearCookie('fakeCookie');\ncy.setCookie('fakeCookie', '123ABC');\ncy.clearCookie('fakeCookie');\ncy.setCookie('fakeCookie', '123ABC');",
              "err": {},
              "uuid": "9827a973-f472-4992-887c-5068f77d7f17",
              "parentUUID": "b183fb4b-29b8-4662-a0d4-8b424f1d88bc",
              "isHook": false,
              "skipped": false
            },
            {
              "title": ".preserveOnce() - preserve cookies by key",
              "fullTitle": "Cypress.Cookies .preserveOnce() - preserve cookies by key",
              "timedOut": null,
              "duration": 510,
              "state": "failed",
              "speed": null,
              "pass": false,
              "fail": true,
              "pending": false,
              "context": null,
              "code": "// normally cookies are reset after each test\ncy.getCookie('fakeCookie').should('not.be.ok');\n// preserving a cookie will not clear it when\n// the next test starts\ncy.setCookie('lastCookie', '789XYZ');\nCypress.Cookies.preserveOnce('lastCookie');",
              "err": {
                "message": "CypressError: `Cypress.Cookies.preserveOnce()` was removed in Cypress version 12.0.0. Please update to use `cy.session()` instead.\n\nhttps://on.cypress.io/session",
                "estack": "CypressError: `Cypress.Cookies.preserveOnce()` was removed in Cypress version 12.0.0. Please update to use `cy.session()` instead.\n\nhttps://on.cypress.io/session\n    at Object.preserveOnce (https://example.cypress.io/__cypress/runner/cypress_runner.js:150537:75)\n    at runnable.fn (https://example.cypress.io/__cypress/runner/cypress_runner.js:151413:19)\n    at callFn (https://example.cypress.io/__cypress/runner/cypress_runner.js:104964:21)\n    at ../driver/node_modules/mocha/lib/runnable.js.Runnable.run (https://example.cypress.io/__cypress/runner/cypress_runner.js:104951:7)\n    at <unknown> (https://example.cypress.io/__cypress/runner/cypress_runner.js:158443:30)\n    at PassThroughHandlerContext.finallyHandler (https://example.cypress.io/__cypress/runner/cypress_runner.js:5468:23)\n    at PassThroughHandlerContext.tryCatcher (https://example.cypress.io/__cypress/runner/cypress_runner.js:8914:23)\n    at Promise._settlePromiseFromHandler (https://example.cypress.io/__cypress/runner/cypress_runner.js:6849:31)\n    at Promise._settlePromise (https://example.cypress.io/__cypress/runner/cypress_runner.js:6906:18)\n    at Promise._settlePromise0 (https://example.cypress.io/__cypress/runner/cypress_runner.js:6951:10)\n    at Promise._settlePromises (https://example.cypress.io/__cypress/runner/cypress_runner.js:7031:18)\n    at _drainQueueStep (https://example.cypress.io/__cypress/runner/cypress_runner.js:3621:12)\n    at _drainQueue (https://example.cypress.io/__cypress/runner/cypress_runner.js:3614:9)\n    at ../../node_modules/bluebird/js/release/async.js.Async._drainQueues (https://example.cypress.io/__cypress/runner/cypress_runner.js:3630:5)\n    at Async.drainQueues (https://example.cypress.io/__cypress/runner/cypress_runner.js:3500:14)",
                "diff": null
              },
              "uuid": "a7fc3bf6-e1c3-4edd-bae3-45e572698fb7",
              "parentUUID": "b183fb4b-29b8-4662-a0d4-8b424f1d88bc",
              "isHook": false,
              "skipped": false
            },
            {
              "title": ".defaults() - set defaults for all cookies",
              "fullTitle": "Cypress.Cookies .defaults() - set defaults for all cookies",
              "timedOut": null,
              "duration": 296,
              "state": "failed",
              "speed": null,
              "pass": false,
              "fail": true,
              "pending": false,
              "context": null,
              "code": "// now any cookie with the name 'session_id' will\n// not be cleared before each new test runs\nCypress.Cookies.defaults({\n  preserve: 'session_id'\n});",
              "err": {
                "message": "CypressError: `Cypress.Cookies.defaults()` was removed in Cypress version 12.0.0. Please update to use `cy.session()` instead.\n\nhttps://on.cypress.io/session",
                "estack": "CypressError: `Cypress.Cookies.defaults()` was removed in Cypress version 12.0.0. Please update to use `cy.session()` instead.\n\nhttps://on.cypress.io/session\n    at Object.defaults (https://example.cypress.io/__cypress/runner/cypress_runner.js:150557:75)\n    at runnable.fn (https://example.cypress.io/__cypress/runner/cypress_runner.js:151413:19)\n    at callFn (https://example.cypress.io/__cypress/runner/cypress_runner.js:104964:21)\n    at ../driver/node_modules/mocha/lib/runnable.js.Runnable.run (https://example.cypress.io/__cypress/runner/cypress_runner.js:104951:7)\n    at <unknown> (https://example.cypress.io/__cypress/runner/cypress_runner.js:158443:30)\n    at PassThroughHandlerContext.finallyHandler (https://example.cypress.io/__cypress/runner/cypress_runner.js:5468:23)\n    at PassThroughHandlerContext.tryCatcher (https://example.cypress.io/__cypress/runner/cypress_runner.js:8914:23)\n    at Promise._settlePromiseFromHandler (https://example.cypress.io/__cypress/runner/cypress_runner.js:6849:31)\n    at Promise._settlePromise (https://example.cypress.io/__cypress/runner/cypress_runner.js:6906:18)\n    at Promise._settlePromise0 (https://example.cypress.io/__cypress/runner/cypress_runner.js:6951:10)\n    at Promise._settlePromises (https://example.cypress.io/__cypress/runner/cypress_runner.js:7031:18)\n    at _drainQueueStep (https://example.cypress.io/__cypress/runner/cypress_runner.js:3621:12)\n    at _drainQueue (https://example.cypress.io/__cypress/runner/cypress_runner.js:3614:9)\n    at ../../node_modules/bluebird/js/release/async.js.Async._drainQueues (https://example.cypress.io/__cypress/runner/cypress_runner.js:3630:5)\n    at Async.drainQueues (https://example.cypress.io/__cypress/runner/cypress_runner.js:3500:14)",
                "diff": null
              },
              "uuid": "d37baff9-d8fc-413d-b36b-9479cef4ca72",
              "parentUUID": "b183fb4b-29b8-4662-a0d4-8b424f1d88bc",
              "isHook": false,
              "skipped": false
            }
          ],
          "suites": [],
          "passes": [
            "9827a973-f472-4992-887c-5068f77d7f17"
          ],
          "failures": [
            "a7fc3bf6-e1c3-4edd-bae3-45e572698fb7",
            "d37baff9-d8fc-413d-b36b-9479cef4ca72"
          ],
          "pending": [],
          "skipped": [],
          "duration": 1279,
          "root": false,
          "rootEmpty": false,
          "_timeout": 2000
        },
        {
          "uuid": "6b4fe35b-4b2a-426a-bf2d-f8aa7b57eebf",
          "title": "Cypress.arch",
          "fullFile": "",
          "file": "",
          "beforeHooks": [],
          "afterHooks": [],
          "tests": [
            {
              "title": "Get CPU architecture name of underlying OS",
              "fullTitle": "Cypress.arch Get CPU architecture name of underlying OS",
              "timedOut": null,
              "duration": 138,
              "state": "passed",
              "speed": "fast",
              "pass": true,
              "fail": false,
              "pending": false,
              "context": null,
              "code": "// https://on.cypress.io/arch\nexpect(Cypress.arch).to.exist;",
              "err": {},
              "uuid": "3a10188c-5473-489b-806d-939d69a4721d",
              "parentUUID": "6b4fe35b-4b2a-426a-bf2d-f8aa7b57eebf",
              "isHook": false,
              "skipped": false
            }
          ],
          "suites": [],
          "passes": [
            "3a10188c-5473-489b-806d-939d69a4721d"
          ],
          "failures": [],
          "pending": [],
          "skipped": [],
          "duration": 138,
          "root": false,
          "rootEmpty": false,
          "_timeout": 2000
        },
        {
          "uuid": "a3936501-e465-4fb0-9278-2c96829a98dc",
          "title": "Cypress.config()",
          "fullFile": "",
          "file": "",
          "beforeHooks": [],
          "afterHooks": [],
          "tests": [
            {
              "title": "Get and set configuration options",
              "fullTitle": "Cypress.config() Get and set configuration options",
              "timedOut": null,
              "duration": 272,
              "state": "passed",
              "speed": "fast",
              "pass": true,
              "fail": false,
              "pending": false,
              "context": null,
              "code": "// https://on.cypress.io/config\nlet myConfig = Cypress.config();\nexpect(myConfig).to.have.property('animationDistanceThreshold', 5);\nexpect(myConfig).to.have.property('baseUrl', null);\nexpect(myConfig).to.have.property('defaultCommandTimeout', 4000);\nexpect(myConfig).to.have.property('requestTimeout', 5000);\nexpect(myConfig).to.have.property('responseTimeout', 30000);\nexpect(myConfig).to.have.property('viewportHeight', 660);\nexpect(myConfig).to.have.property('viewportWidth', 1000);\nexpect(myConfig).to.have.property('pageLoadTimeout', 60000);\nexpect(myConfig).to.have.property('waitForAnimations', true);\nexpect(Cypress.config('pageLoadTimeout')).to.eq(60000);\n// this will change the config for the rest of your tests!\nCypress.config('pageLoadTimeout', 20000);\nexpect(Cypress.config('pageLoadTimeout')).to.eq(20000);\nCypress.config('pageLoadTimeout', 60000);",
              "err": {},
              "uuid": "daf6c112-741d-4b41-b800-a91c1ccd76b5",
              "parentUUID": "a3936501-e465-4fb0-9278-2c96829a98dc",
              "isHook": false,
              "skipped": false
            }
          ],
          "suites": [],
          "passes": [
            "daf6c112-741d-4b41-b800-a91c1ccd76b5"
          ],
          "failures": [],
          "pending": [],
          "skipped": [],
          "duration": 272,
          "root": false,
          "rootEmpty": false,
          "_timeout": 2000
        },
        {
          "uuid": "94cac85e-cf0c-4980-8e42-e8bf86b5b506",
          "title": "Cypress.dom",
          "fullFile": "",
          "file": "",
          "beforeHooks": [],
          "afterHooks": [],
          "tests": [
            {
              "title": ".isHidden() - determine if a DOM element is hidden",
              "fullTitle": "Cypress.dom .isHidden() - determine if a DOM element is hidden",
              "timedOut": null,
              "duration": 168,
              "state": "passed",
              "speed": "fast",
              "pass": true,
              "fail": false,
              "pending": false,
              "context": null,
              "code": "let hiddenP = Cypress.$('.dom-p p.hidden').get(0);\nlet visibleP = Cypress.$('.dom-p p.visible').get(0);\n// our first paragraph has css class 'hidden'\nexpect(Cypress.dom.isHidden(hiddenP)).to.be.true;\nexpect(Cypress.dom.isHidden(visibleP)).to.be.false;",
              "err": {},
              "uuid": "6fc82e50-a55b-4f10-8da3-c5ae4a2a1953",
              "parentUUID": "94cac85e-cf0c-4980-8e42-e8bf86b5b506",
              "isHook": false,
              "skipped": false
            }
          ],
          "suites": [],
          "passes": [
            "6fc82e50-a55b-4f10-8da3-c5ae4a2a1953"
          ],
          "failures": [],
          "pending": [],
          "skipped": [],
          "duration": 168,
          "root": false,
          "rootEmpty": false,
          "_timeout": 2000
        },
        {
          "uuid": "0ec75245-e4b3-458c-bc91-cede825e191a",
          "title": "Cypress.env()",
          "fullFile": "",
          "file": "",
          "beforeHooks": [],
          "afterHooks": [],
          "tests": [
            {
              "title": "Get environment variables",
              "fullTitle": "Cypress.env() Get environment variables",
              "timedOut": null,
              "duration": 177,
              "state": "passed",
              "speed": "fast",
              "pass": true,
              "fail": false,
              "pending": false,
              "context": null,
              "code": "// https://on.cypress.io/env\n// set multiple environment variables\nCypress.env({\n  host: 'veronica.dev.local',\n  api_server: 'http://localhost:8888/v1/'\n});\n// get environment variable\nexpect(Cypress.env('host')).to.eq('veronica.dev.local');\n// set environment variable\nCypress.env('api_server', 'http://localhost:8888/v2/');\nexpect(Cypress.env('api_server')).to.eq('http://localhost:8888/v2/');\n// get all environment variable\nexpect(Cypress.env()).to.have.property('host', 'veronica.dev.local');\nexpect(Cypress.env()).to.have.property('api_server', 'http://localhost:8888/v2/');",
              "err": {},
              "uuid": "141bdf66-a2de-47a2-a202-b6faae583c8a",
              "parentUUID": "0ec75245-e4b3-458c-bc91-cede825e191a",
              "isHook": false,
              "skipped": false
            }
          ],
          "suites": [],
          "passes": [
            "141bdf66-a2de-47a2-a202-b6faae583c8a"
          ],
          "failures": [],
          "pending": [],
          "skipped": [],
          "duration": 177,
          "root": false,
          "rootEmpty": false,
          "_timeout": 2000
        },
        {
          "uuid": "fcc91390-9636-465f-84d4-30bb0eaae14a",
          "title": "Cypress.log",
          "fullFile": "",
          "file": "",
          "beforeHooks": [],
          "afterHooks": [],
          "tests": [
            {
              "title": "Control what is printed to the Command Log",
              "fullTitle": "Cypress.log Control what is printed to the Command Log",
              "timedOut": null,
              "duration": 467,
              "state": "passed",
              "speed": "fast",
              "pass": true,
              "fail": false,
              "pending": false,
              "context": null,
              "code": "// https://on.cypress.io/cypress-log",
              "err": {},
              "uuid": "03bccb9d-a72c-4ce1-9ad5-f762bf79f3cc",
              "parentUUID": "fcc91390-9636-465f-84d4-30bb0eaae14a",
              "isHook": false,
              "skipped": false
            }
          ],
          "suites": [],
          "passes": [
            "03bccb9d-a72c-4ce1-9ad5-f762bf79f3cc"
          ],
          "failures": [],
          "pending": [],
          "skipped": [],
          "duration": 467,
          "root": false,
          "rootEmpty": false,
          "_timeout": 2000
        },
        {
          "uuid": "6bf99140-8038-43a6-8ade-96185ffb383d",
          "title": "Cypress.platform",
          "fullFile": "",
          "file": "",
          "beforeHooks": [],
          "afterHooks": [],
          "tests": [
            {
              "title": "Get underlying OS name",
              "fullTitle": "Cypress.platform Get underlying OS name",
              "timedOut": null,
              "duration": 161,
              "state": "passed",
              "speed": "fast",
              "pass": true,
              "fail": false,
              "pending": false,
              "context": null,
              "code": "// https://on.cypress.io/platform\nexpect(Cypress.platform).to.be.exist;",
              "err": {},
              "uuid": "ba1531e7-fdb4-41f3-b5bb-61aa1ff00ed7",
              "parentUUID": "6bf99140-8038-43a6-8ade-96185ffb383d",
              "isHook": false,
              "skipped": false
            }
          ],
          "suites": [],
          "passes": [
            "ba1531e7-fdb4-41f3-b5bb-61aa1ff00ed7"
          ],
          "failures": [],
          "pending": [],
          "skipped": [],
          "duration": 161,
          "root": false,
          "rootEmpty": false,
          "_timeout": 2000
        },
        {
          "uuid": "1ebf241a-810f-4f69-9fad-b5b7f6f77e02",
          "title": "Cypress.version",
          "fullFile": "",
          "file": "",
          "beforeHooks": [],
          "afterHooks": [],
          "tests": [
            {
              "title": "Get current version of Cypress being run",
              "fullTitle": "Cypress.version Get current version of Cypress being run",
              "timedOut": null,
              "duration": 145,
              "state": "passed",
              "speed": "fast",
              "pass": true,
              "fail": false,
              "pending": false,
              "context": null,
              "code": "// https://on.cypress.io/version\nexpect(Cypress.version).to.be.exist;",
              "err": {},
              "uuid": "1fcd6a4b-0d29-4ff6-ac3e-ae22c0431132",
              "parentUUID": "1ebf241a-810f-4f69-9fad-b5b7f6f77e02",
              "isHook": false,
              "skipped": false
            }
          ],
          "suites": [],
          "passes": [
            "1fcd6a4b-0d29-4ff6-ac3e-ae22c0431132"
          ],
          "failures": [],
          "pending": [],
          "skipped": [],
          "duration": 145,
          "root": false,
          "rootEmpty": false,
          "_timeout": 2000
        },
        {
          "uuid": "3ab37eaa-31b0-40cd-af91-dbf98a070871",
          "title": "Cypress.spec",
          "fullFile": "",
          "file": "",
          "beforeHooks": [],
          "afterHooks": [],
          "tests": [
            {
              "title": "Get current spec information",
              "fullTitle": "Cypress.spec Get current spec information",
              "timedOut": null,
              "duration": 174,
              "state": "passed",
              "speed": "fast",
              "pass": true,
              "fail": false,
              "pending": false,
              "context": null,
              "code": "// https://on.cypress.io/spec\n// wrap the object so we can inspect it easily by clicking in the command log\ncy.wrap(Cypress.spec).should('include.keys', ['name', 'relative', 'absolute']);",
              "err": {},
              "uuid": "f7fa015f-ce10-4c9e-a658-1fc4565c4622",
              "parentUUID": "3ab37eaa-31b0-40cd-af91-dbf98a070871",
              "isHook": false,
              "skipped": false
            }
          ],
          "suites": [],
          "passes": [
            "f7fa015f-ce10-4c9e-a658-1fc4565c4622"
          ],
          "failures": [],
          "pending": [],
          "skipped": [],
          "duration": 174,
          "root": false,
          "rootEmpty": false,
          "_timeout": 2000
        }
      ],
      "passes": [],
      "failures": [],
      "pending": [],
      "skipped": [],
      "duration": 0,
      "root": true,
      "rootEmpty": true,
      "_timeout": 2000
    },
    {
      "uuid": "d1c70b31-6e72-4868-a045-808f7335af55",
      "title": "",
      "fullFile": "cypress/e2e/2-advanced-examples/files.cy.js",
      "file": "cypress/e2e/2-advanced-examples/files.cy.js",
      "beforeHooks": [],
      "afterHooks": [],
      "tests": [],
      "suites": [
        {
          "uuid": "d7f0ff8d-74d1-4b89-8591-f5461d3f54c0",
          "title": "Files",
          "fullFile": "",
          "file": "",
          "beforeHooks": [],
          "afterHooks": [],
          "tests": [
            {
              "title": "cy.fixture() - load a fixture",
              "fullTitle": "Files cy.fixture() - load a fixture",
              "timedOut": null,
              "duration": 1412,
              "state": "passed",
              "speed": "fast",
              "pass": true,
              "fail": false,
              "pending": false,
              "context": null,
              "code": "// https://on.cypress.io/fixture\n// Instead of writing a response inline you can\n// use a fixture file's content.\n// when application makes an Ajax request matching \"GET **/comments/*\"\n// Cypress will intercept it and reply with the object in `example.json` fixture\ncy.intercept('GET', '**/comments/*', {\n  fixture: 'example.json'\n}).as('getComment');\n// we have code that gets a comment when\n// the button is clicked in scripts.js\ncy.get('.fixture-btn').click();\ncy.wait('@getComment').its('response.body').should('have.property', 'name').and('include', 'Using fixtures to represent data');",
              "err": {},
              "uuid": "287663bb-f453-42d8-93eb-6c9b20aabd42",
              "parentUUID": "d7f0ff8d-74d1-4b89-8591-f5461d3f54c0",
              "isHook": false,
              "skipped": false
            },
            {
              "title": "cy.fixture() or require - load a fixture",
              "fullTitle": "Files cy.fixture() or require - load a fixture",
              "timedOut": null,
              "duration": 142,
              "state": "passed",
              "speed": "fast",
              "pass": true,
              "fail": false,
              "pending": false,
              "context": null,
              "code": "// we are inside the \"function () { ... }\"\n// callback and can use test context object \"this\"\n// \"this.example\" was loaded in \"beforeEach\" function callback\nexpect(this.example, 'fixture in the test context').to.deep.equal(requiredExample);\n// or use \"cy.wrap\" and \"should('deep.equal', ...)\" assertion\ncy.wrap(this.example).should('deep.equal', requiredExample);",
              "err": {},
              "uuid": "26147556-6e7a-4877-9fe4-49b922fb3006",
              "parentUUID": "d7f0ff8d-74d1-4b89-8591-f5461d3f54c0",
              "isHook": false,
              "skipped": false
            },
            {
              "title": "cy.readFile() - read file contents",
              "fullTitle": "Files cy.readFile() - read file contents",
              "timedOut": null,
              "duration": 4297,
              "state": "failed",
              "speed": null,
              "pass": false,
              "fail": true,
              "pending": false,
              "context": null,
              "code": "// https://on.cypress.io/readfile\n// You can read a file and yield its contents\n// The filePath is relative to your project's root.\ncy.readFile('cypress.json').then(json => {\n  expect(json).to.be.an('object');\n});",
              "err": {
                "message": "AssertionError: Timed out retrying after 4000ms: `cy.readFile(\"cypress.json\")` failed because the file does not exist at the following path:\n\n`/home/rferreira/Documentos/cypress-practice/cypress-bases/cypress.json`\n\nhttps://on.cypress.io/readfile",
                "estack": "AssertionError: Timed out retrying after 4000ms: `cy.readFile(\"cypress.json\")` failed because the file does not exist at the following path:\n\n`/home/rferreira/Documentos/cypress-practice/cypress-bases/cypress.json`\n\nhttps://on.cypress.io/readfile\n    at Context.eval (webpack:///./cypress/e2e/2-advanced-examples/files.cy.js:54:7)",
                "diff": null
              },
              "uuid": "446331eb-5ed1-4eb9-a7a1-b3b7d571ecaf",
              "parentUUID": "d7f0ff8d-74d1-4b89-8591-f5461d3f54c0",
              "isHook": false,
              "skipped": false
            },
            {
              "title": "cy.writeFile() - write to a file",
              "fullTitle": "Files cy.writeFile() - write to a file",
              "timedOut": null,
              "duration": 1199,
              "state": "passed",
              "speed": "fast",
              "pass": true,
              "fail": false,
              "pending": false,
              "context": null,
              "code": "// https://on.cypress.io/writefile\n// You can write to a file\n// Use a response from a request to automatically\n// generate a fixture file for use later\ncy.request('https://jsonplaceholder.cypress.io/users').then(response => {\n  cy.writeFile('cypress/fixtures/users.json', response.body);\n});\ncy.fixture('users').should(users => {\n  expect(users[0].name).to.exist;\n});\n// JavaScript arrays and objects are stringified\n// and formatted into text.\ncy.writeFile('cypress/fixtures/profile.json', {\n  id: 8739,\n  name: 'Jane',\n  email: 'jane@example.com'\n});\ncy.fixture('profile').should(profile => {\n  expect(profile.name).to.eq('Jane');\n});",
              "err": {},
              "uuid": "411e4eb9-daf3-471e-a348-d765a5909cc5",
              "parentUUID": "d7f0ff8d-74d1-4b89-8591-f5461d3f54c0",
              "isHook": false,
              "skipped": false
            }
          ],
          "suites": [],
          "passes": [
            "287663bb-f453-42d8-93eb-6c9b20aabd42",
            "26147556-6e7a-4877-9fe4-49b922fb3006",
            "411e4eb9-daf3-471e-a348-d765a5909cc5"
          ],
          "failures": [
            "446331eb-5ed1-4eb9-a7a1-b3b7d571ecaf"
          ],
          "pending": [],
          "skipped": [],
          "duration": 7050,
          "root": false,
          "rootEmpty": false,
          "_timeout": 2000
        }
      ],
      "passes": [],
      "failures": [],
      "pending": [],
      "skipped": [],
      "duration": 0,
      "root": true,
      "rootEmpty": true,
      "_timeout": 2000
    },
    {
      "uuid": "f0309197-aece-4897-ac69-66add114a578",
      "title": "",
      "fullFile": "cypress/e2e/2-advanced-examples/local_storage.cy.js",
      "file": "cypress/e2e/2-advanced-examples/local_storage.cy.js",
      "beforeHooks": [],
      "afterHooks": [],
      "tests": [],
      "suites": [
        {
          "uuid": "00681db6-4552-471c-a64c-9792b9867293",
          "title": "Local Storage",
          "fullFile": "",
          "file": "",
          "beforeHooks": [],
          "afterHooks": [],
          "tests": [
            {
              "title": "cy.clearLocalStorage() - clear all data in local storage",
              "fullTitle": "Local Storage cy.clearLocalStorage() - clear all data in local storage",
              "timedOut": null,
              "duration": 302,
              "state": "failed",
              "speed": null,
              "pass": false,
              "fail": true,
              "pending": false,
              "context": null,
              "code": "// https://on.cypress.io/clearlocalstorage\ncy.get('.ls-btn').click().should(() => {\n  expect(localStorage.getItem('prop1')).to.eq('red');\n  expect(localStorage.getItem('prop2')).to.eq('blue');\n  expect(localStorage.getItem('prop3')).to.eq('magenta');\n});\n// clearLocalStorage() yields the localStorage object\ncy.clearLocalStorage().should(ls => {\n  expect(ls.getItem('prop1')).to.be.null;\n  expect(ls.getItem('prop2')).to.be.null;\n  expect(ls.getItem('prop3')).to.be.null;\n});\ncy.get('.ls-btn').click().should(() => {\n  expect(localStorage.getItem('prop1')).to.eq('red');\n  expect(localStorage.getItem('prop2')).to.eq('blue');\n  expect(localStorage.getItem('prop3')).to.eq('magenta');\n});\n// Clear key matching string in Local Storage\ncy.clearLocalStorage('prop1').should(ls => {\n  expect(ls.getItem('prop1')).to.be.null;\n  expect(ls.getItem('prop2')).to.eq('blue');\n  expect(ls.getItem('prop3')).to.eq('magenta');\n});\ncy.get('.ls-btn').click().should(() => {\n  expect(localStorage.getItem('prop1')).to.eq('red');\n  expect(localStorage.getItem('prop2')).to.eq('blue');\n  expect(localStorage.getItem('prop3')).to.eq('magenta');\n});\n// Clear keys matching regex in Local Storage\ncy.clearLocalStorage(/prop1|2/).should(ls => {\n  expect(ls.getItem('prop1')).to.be.null;\n  expect(ls.getItem('prop2')).to.be.null;\n  expect(ls.getItem('prop3')).to.eq('magenta');\n});",
              "err": {
                "message": "CypressError: `cy.visit()` failed trying to load:\n\nhttps://example.cypress.io/commands/local-storage\n\nThe response we received from your web server was:\n\n  > 404: Not Found\n\nThis was considered a failure because the status code was not `2xx`.\n\nIf you do not want status codes to cause failures pass the option: `failOnStatusCode: false`\n\nBecause this error occurred during a `before each` hook we are skipping the remaining tests in the current suite: `Local Storage`",
                "estack": "CypressError: `cy.visit()` failed trying to load:\n\nhttps://example.cypress.io/commands/local-storage\n\nThe response we received from your web server was:\n\n  > 404: Not Found\n\nThis was considered a failure because the status code was not `2xx`.\n\nIf you do not want status codes to cause failures pass the option: `failOnStatusCode: false`\n\nBecause this error occurred during a `before each` hook we are skipping the remaining tests in the current suite: `Local Storage`\n    at <unknown> (http://localhost:41515/__cypress/runner/cypress_runner.js:138236:84)\n    at visitFailedByErr (http://localhost:41515/__cypress/runner/cypress_runner.js:137644:12)\n    at <unknown> (http://localhost:41515/__cypress/runner/cypress_runner.js:138219:13)\n    at tryCatcher (http://localhost:41515/__cypress/runner/cypress_runner.js:8914:23)\n    at Promise._settlePromiseFromHandler (http://localhost:41515/__cypress/runner/cypress_runner.js:6849:31)\n    at Promise._settlePromise (http://localhost:41515/__cypress/runner/cypress_runner.js:6906:18)\n    at Promise._settlePromise0 (http://localhost:41515/__cypress/runner/cypress_runner.js:6951:10)\n    at Promise._settlePromises (http://localhost:41515/__cypress/runner/cypress_runner.js:7027:18)\n    at _drainQueueStep (http://localhost:41515/__cypress/runner/cypress_runner.js:3621:12)\n    at _drainQueue (http://localhost:41515/__cypress/runner/cypress_runner.js:3614:9)\n    at ../../node_modules/bluebird/js/release/async.js.Async._drainQueues (http://localhost:41515/__cypress/runner/cypress_runner.js:3630:5)\n    at Async.drainQueues (http://localhost:41515/__cypress/runner/cypress_runner.js:3500:14)\nFrom Your Spec Code:\n    at Context.eval (webpack:///./cypress/e2e/2-advanced-examples/local_storage.cy.js:5:7)",
                "diff": null
              },
              "uuid": "7f894912-b4f3-4b82-85c1-f7408825e8f2",
              "parentUUID": "00681db6-4552-471c-a64c-9792b9867293",
              "isHook": false,
              "skipped": false
            }
          ],
          "suites": [],
          "passes": [],
          "failures": [
            "7f894912-b4f3-4b82-85c1-f7408825e8f2"
          ],
          "pending": [],
          "skipped": [],
          "duration": 302,
          "root": false,
          "rootEmpty": false,
          "_timeout": 2000
        }
      ],
      "passes": [],
      "failures": [],
      "pending": [],
      "skipped": [],
      "duration": 0,
      "root": true,
      "rootEmpty": true,
      "_timeout": 2000
    },
    {
      "uuid": "4bf22348-e34c-4437-b477-d9e2cbd12768",
      "title": "",
      "fullFile": "cypress/e2e/2-advanced-examples/location.cy.js",
      "file": "cypress/e2e/2-advanced-examples/location.cy.js",
      "beforeHooks": [],
      "afterHooks": [],
      "tests": [],
      "suites": [
        {
          "uuid": "a21b2ef9-03a1-4536-9c16-07a2b65593c6",
          "title": "Location",
          "fullFile": "",
          "file": "",
          "beforeHooks": [],
          "afterHooks": [],
          "tests": [
            {
              "title": "cy.hash() - get the current URL hash",
              "fullTitle": "Location cy.hash() - get the current URL hash",
              "timedOut": null,
              "duration": 576,
              "state": "passed",
              "speed": "fast",
              "pass": true,
              "fail": false,
              "pending": false,
              "context": null,
              "code": "// https://on.cypress.io/hash\ncy.hash().should('be.empty');",
              "err": {},
              "uuid": "6ff7d797-aceb-4484-b1ce-94cbb2a5b3cb",
              "parentUUID": "a21b2ef9-03a1-4536-9c16-07a2b65593c6",
              "isHook": false,
              "skipped": false
            },
            {
              "title": "cy.location() - get window.location",
              "fullTitle": "Location cy.location() - get window.location",
              "timedOut": null,
              "duration": 197,
              "state": "passed",
              "speed": "fast",
              "pass": true,
              "fail": false,
              "pending": false,
              "context": null,
              "code": "// https://on.cypress.io/location\ncy.location().should(location => {\n  expect(location.hash).to.be.empty;\n  expect(location.href).to.eq('https://example.cypress.io/commands/location');\n  expect(location.host).to.eq('example.cypress.io');\n  expect(location.hostname).to.eq('example.cypress.io');\n  expect(location.origin).to.eq('https://example.cypress.io');\n  expect(location.pathname).to.eq('/commands/location');\n  expect(location.port).to.eq('');\n  expect(location.protocol).to.eq('https:');\n  expect(location.search).to.be.empty;\n});",
              "err": {},
              "uuid": "464321cf-4378-4069-a823-f264203316e5",
              "parentUUID": "a21b2ef9-03a1-4536-9c16-07a2b65593c6",
              "isHook": false,
              "skipped": false
            },
            {
              "title": "cy.url() - get the current URL",
              "fullTitle": "Location cy.url() - get the current URL",
              "timedOut": null,
              "duration": 143,
              "state": "passed",
              "speed": "fast",
              "pass": true,
              "fail": false,
              "pending": false,
              "context": null,
              "code": "// https://on.cypress.io/url\ncy.url().should('eq', 'https://example.cypress.io/commands/location');",
              "err": {},
              "uuid": "d2f6a0d3-a07e-4edc-af07-c684696b354d",
              "parentUUID": "a21b2ef9-03a1-4536-9c16-07a2b65593c6",
              "isHook": false,
              "skipped": false
            }
          ],
          "suites": [],
          "passes": [
            "6ff7d797-aceb-4484-b1ce-94cbb2a5b3cb",
            "464321cf-4378-4069-a823-f264203316e5",
            "d2f6a0d3-a07e-4edc-af07-c684696b354d"
          ],
          "failures": [],
          "pending": [],
          "skipped": [],
          "duration": 916,
          "root": false,
          "rootEmpty": false,
          "_timeout": 2000
        }
      ],
      "passes": [],
      "failures": [],
      "pending": [],
      "skipped": [],
      "duration": 0,
      "root": true,
      "rootEmpty": true,
      "_timeout": 2000
    },
    {
      "uuid": "797b9a7e-51b8-4c6b-94f6-bac798febcb2",
      "title": "",
      "fullFile": "cypress/e2e/2-advanced-examples/misc.cy.js",
      "file": "cypress/e2e/2-advanced-examples/misc.cy.js",
      "beforeHooks": [],
      "afterHooks": [],
      "tests": [],
      "suites": [
        {
          "uuid": "83fbb545-8358-449b-86db-88145167f1d7",
          "title": "Misc",
          "fullFile": "",
          "file": "",
          "beforeHooks": [],
          "afterHooks": [],
          "tests": [
            {
              "title": ".end() - end the command chain",
              "fullTitle": "Misc .end() - end the command chain",
              "timedOut": null,
              "duration": 1422,
              "state": "passed",
              "speed": "fast",
              "pass": true,
              "fail": false,
              "pending": false,
              "context": null,
              "code": "// https://on.cypress.io/end\n// cy.end is useful when you want to end a chain of commands\n// and force Cypress to re-query from the root element\ncy.get('.misc-table').within(() => {\n  // ends the current chain and yields null\n  cy.contains('Cheryl').click().end();\n  // queries the entire table again\n  cy.contains('Charles').click();\n});",
              "err": {},
              "uuid": "8f58d243-9cca-4494-a9c2-7c4b37d7e471",
              "parentUUID": "83fbb545-8358-449b-86db-88145167f1d7",
              "isHook": false,
              "skipped": false
            },
            {
              "title": "cy.exec() - execute a system command",
              "fullTitle": "Misc cy.exec() - execute a system command",
              "timedOut": null,
              "duration": 949,
              "state": "failed",
              "speed": null,
              "pass": false,
              "fail": true,
              "pending": false,
              "context": null,
              "code": "// execute a system command.\n// so you can take actions necessary for\n// your test outside the scope of Cypress.\n// https://on.cypress.io/exec\n// we can use Cypress.platform string to\n// select appropriate command\n// https://on.cypress/io/platform\ncy.log(`Platform ${Cypress.platform} architecture ${Cypress.arch}`);\n// on CircleCI Windows build machines we have a failure to run bash shell\n// https://github.com/cypress-io/cypress/issues/5169\n// so skip some of the tests by passing flag \"--env circle=true\"\nconst isCircleOnWindows = Cypress.platform === 'win32' && Cypress.env('circle');\nif (isCircleOnWindows) {\n  cy.log('Skipping test on CircleCI');\n  return;\n}\n// cy.exec problem on Shippable CI\n// https://github.com/cypress-io/cypress/issues/6718\nconst isShippable = Cypress.platform === 'linux' && Cypress.env('shippable');\nif (isShippable) {\n  cy.log('Skipping test on ShippableCI');\n  return;\n}\ncy.exec('echo Jane Lane').its('stdout').should('contain', 'Jane Lane');\nif (Cypress.platform === 'win32') {\n  cy.exec('print cypress.json').its('stderr').should('be.empty');\n} else {\n  cy.exec('cat cypress.json').its('stderr').should('be.empty');\n  cy.exec('pwd').its('code').should('eq', 0);\n}",
              "err": {
                "message": "CypressError: `cy.exec('cat cypress.json')` failed because the command exited with a non-zero code.\n\nPass `{failOnNonZeroExit: false}` to ignore exit code failures.\n\nInformation about the failure:\nCode: 1\n\nStderr:\ncat: cypress.json: No existe el archivo o el directorio\n\nhttps://on.cypress.io/exec",
                "estack": "CypressError: `cy.exec('cat cypress.json')` failed because the command exited with a non-zero code.\n\nPass `{failOnNonZeroExit: false}` to ignore exit code failures.\n\nInformation about the failure:\nCode: 1\n\nStderr:\ncat: cypress.json: No existe el archivo o el directorio\n\nhttps://on.cypress.io/exec\n    at <unknown> (https://example.cypress.io/__cypress/runner/cypress_runner.js:136664:85)\n    at tryCatcher (https://example.cypress.io/__cypress/runner/cypress_runner.js:8914:23)\n    at Promise._settlePromiseFromHandler (https://example.cypress.io/__cypress/runner/cypress_runner.js:6849:31)\n    at Promise._settlePromise (https://example.cypress.io/__cypress/runner/cypress_runner.js:6906:18)\n    at Promise._settlePromise0 (https://example.cypress.io/__cypress/runner/cypress_runner.js:6951:10)\n    at Promise._settlePromises (https://example.cypress.io/__cypress/runner/cypress_runner.js:7031:18)\n    at _drainQueueStep (https://example.cypress.io/__cypress/runner/cypress_runner.js:3621:12)\n    at _drainQueue (https://example.cypress.io/__cypress/runner/cypress_runner.js:3614:9)\n    at ../../node_modules/bluebird/js/release/async.js.Async._drainQueues (https://example.cypress.io/__cypress/runner/cypress_runner.js:3630:5)\n    at Async.drainQueues (https://example.cypress.io/__cypress/runner/cypress_runner.js:3500:14)\nFrom Your Spec Code:\n    at Context.eval (webpack:///./cypress/e2e/2-advanced-examples/misc.cy.js:61:9)",
                "diff": null
              },
              "uuid": "07ec49e0-ceb5-4e3b-ba29-34db1139f140",
              "parentUUID": "83fbb545-8358-449b-86db-88145167f1d7",
              "isHook": false,
              "skipped": false
            },
            {
              "title": "cy.focused() - get the DOM element that has focus",
              "fullTitle": "Misc cy.focused() - get the DOM element that has focus",
              "timedOut": null,
              "duration": 319,
              "state": "passed",
              "speed": "fast",
              "pass": true,
              "fail": false,
              "pending": false,
              "context": null,
              "code": "// https://on.cypress.io/focused\ncy.get('.misc-form').find('#name').click();\ncy.focused().should('have.id', 'name');\ncy.get('.misc-form').find('#description').click();\ncy.focused().should('have.id', 'description');",
              "err": {},
              "uuid": "83d7f95f-fcda-4767-8b83-cdfb39ff37aa",
              "parentUUID": "83fbb545-8358-449b-86db-88145167f1d7",
              "isHook": false,
              "skipped": false
            },
            {
              "title": "cy.wrap() - wrap an object",
              "fullTitle": "Misc cy.wrap() - wrap an object",
              "timedOut": null,
              "duration": 132,
              "state": "passed",
              "speed": "fast",
              "pass": true,
              "fail": false,
              "pending": false,
              "context": null,
              "code": "// https://on.cypress.io/wrap\ncy.wrap({\n  foo: 'bar'\n}).should('have.property', 'foo').and('include', 'bar');",
              "err": {},
              "uuid": "434abc69-5f19-4ed2-8528-7901c2a31493",
              "parentUUID": "83fbb545-8358-449b-86db-88145167f1d7",
              "isHook": false,
              "skipped": false
            }
          ],
          "suites": [
            {
              "uuid": "fa03e022-033a-4c0f-9075-c40be78a57ad",
              "title": "Cypress.Screenshot",
              "fullFile": "",
              "file": "",
              "beforeHooks": [],
              "afterHooks": [],
              "tests": [
                {
                  "title": "cy.screenshot() - take a screenshot",
                  "fullTitle": "Misc Cypress.Screenshot cy.screenshot() - take a screenshot",
                  "timedOut": null,
                  "duration": 1589,
                  "state": "passed",
                  "speed": "fast",
                  "pass": true,
                  "fail": false,
                  "pending": false,
                  "context": null,
                  "code": "// https://on.cypress.io/screenshot\ncy.screenshot('my-image');",
                  "err": {},
                  "uuid": "e5e5cdd3-cbc5-4e47-ad27-19e61302b6f0",
                  "parentUUID": "fa03e022-033a-4c0f-9075-c40be78a57ad",
                  "isHook": false,
                  "skipped": false
                },
                {
                  "title": "Cypress.Screenshot.defaults() - change default config of screenshots",
                  "fullTitle": "Misc Cypress.Screenshot Cypress.Screenshot.defaults() - change default config of screenshots",
                  "timedOut": null,
                  "duration": 149,
                  "state": "passed",
                  "speed": "fast",
                  "pass": true,
                  "fail": false,
                  "pending": false,
                  "context": null,
                  "code": "Cypress.Screenshot.defaults({\n  blackout: ['.foo'],\n  capture: 'viewport',\n  clip: {\n    x: 0,\n    y: 0,\n    width: 200,\n    height: 200\n  },\n  scale: false,\n  disableTimersAndAnimations: true,\n  screenshotOnRunFailure: true,\n  onBeforeScreenshot() {},\n  onAfterScreenshot() {}\n});",
                  "err": {},
                  "uuid": "902ddd0f-778d-479b-96b2-f2d483b36148",
                  "parentUUID": "fa03e022-033a-4c0f-9075-c40be78a57ad",
                  "isHook": false,
                  "skipped": false
                }
              ],
              "suites": [],
              "passes": [
                "e5e5cdd3-cbc5-4e47-ad27-19e61302b6f0",
                "902ddd0f-778d-479b-96b2-f2d483b36148"
              ],
              "failures": [],
              "pending": [],
              "skipped": [],
              "duration": 1738,
              "root": false,
              "rootEmpty": false,
              "_timeout": 2000
            }
          ],
          "passes": [
            "8f58d243-9cca-4494-a9c2-7c4b37d7e471",
            "83d7f95f-fcda-4767-8b83-cdfb39ff37aa",
            "434abc69-5f19-4ed2-8528-7901c2a31493"
          ],
          "failures": [
            "07ec49e0-ceb5-4e3b-ba29-34db1139f140"
          ],
          "pending": [],
          "skipped": [],
          "duration": 2822,
          "root": false,
          "rootEmpty": false,
          "_timeout": 2000
        }
      ],
      "passes": [],
      "failures": [],
      "pending": [],
      "skipped": [],
      "duration": 0,
      "root": true,
      "rootEmpty": true,
      "_timeout": 2000
    },
[...]
      "beforeHooks": [],
      "afterHooks": [],
      "tests": [],
      "suites": [
        {
          "uuid": "7f4f0204-2253-43f5-98d6-b008ae76f999",
          "title": "Actions",
          "fullFile": "",
          "file": "",
          "beforeHooks": [],
          "afterHooks": [],
          "tests": [
            {
              "title": ".type() - type into a DOM element",
              "fullTitle": "Actions .type() - type into a DOM element",
              "timedOut": null,
              "duration": 4553,
              "state": "passed",
              "speed": "fast",
              "pass": true,
              "fail": false,
              "pending": false,
              "context": null,
              "code": "// https://on.cypress.io/type\ncy.get('.action-email').type('fake@email.com').should('have.value', 'fake@email.com')\n// .type() with special character sequences\n.type('{leftarrow}{rightarrow}{uparrow}{downarrow}').type('{del}{selectall}{backspace}')\n// .type() with key modifiers\n.type('{alt}{option}') //these are equivalent\n.type('{ctrl}{control}') //these are equivalent\n.type('{meta}{command}{cmd}') //these are equivalent\n.type('{shift}')\n// Delay each keypress by 0.1 sec\n.type('slow.typing@email.com', {\n  delay: 100\n}).should('have.value', 'slow.typing@email.com');\ncy.get('.action-disabled')\n// Ignore error checking prior to type\n// like whether the input is visible or disabled\n.type('disabled error checking', {\n  force: true\n}).should('have.value', 'disabled error checking');",
              "err": {},
              "uuid": "807b26a1-5a8d-427d-a49d-a4faf0ee6d86",
              "parentUUID": "7f4f0204-2253-43f5-98d6-b008ae76f999",
              "isHook": false,
              "skipped": false
            },
            {
              "title": ".focus() - focus on a DOM element",
              "fullTitle": "Actions .focus() - focus on a DOM element",
              "timedOut": null,
              "duration": 301,
              "state": "passed",
              "speed": "fast",
              "pass": true,
              "fail": false,
              "pending": false,
              "context": null,
              "code": "// https://on.cypress.io/focus\ncy.get('.action-focus').focus().should('have.class', 'focus').prev().should('have.attr', 'style', 'color: orange;');",
              "err": {},
              "uuid": "32f9d172-a537-4d47-9da4-aec89c3a715e",
              "parentUUID": "7f4f0204-2253-43f5-98d6-b008ae76f999",
              "isHook": false,
              "skipped": false
            },
            {
              "title": ".blur() - blur off a DOM element",
              "fullTitle": "Actions .blur() - blur off a DOM element",
              "timedOut": null,
              "duration": 574,
              "state": "passed",
              "speed": "fast",
              "pass": true,
              "fail": false,
              "pending": false,
              "context": null,
              "code": "// https://on.cypress.io/blur\ncy.get('.action-blur').type('About to blur').blur().should('have.class', 'error').prev().should('have.attr', 'style', 'color: red;');",
              "err": {},
              "uuid": "46f1486f-c590-48ac-8f9a-f3d971ad5ee6",
              "parentUUID": "7f4f0204-2253-43f5-98d6-b008ae76f999",
              "isHook": false,
              "skipped": false
            },
            {
              "title": ".clear() - clears an input or textarea element",
              "fullTitle": "Actions .clear() - clears an input or textarea element",
              "timedOut": null,
              "duration": 621,
              "state": "passed",
              "speed": "fast",
              "pass": true,
              "fail": false,
              "pending": false,
              "context": null,
              "code": "// https://on.cypress.io/clear\ncy.get('.action-clear').type('Clear this text').should('have.value', 'Clear this text').clear().should('have.value', '');",
              "err": {},
              "uuid": "0186eaff-f95d-4bb7-92e0-e23b6f01ab2c",
              "parentUUID": "7f4f0204-2253-43f5-98d6-b008ae76f999",
              "isHook": false,
              "skipped": false
            },
            {
              "title": ".submit() - submit a form",
              "fullTitle": "Actions .submit() - submit a form",
              "timedOut": null,
              "duration": 522,
              "state": "passed",
              "speed": "fast",
              "pass": true,
              "fail": false,
              "pending": false,
              "context": null,
              "code": "// https://on.cypress.io/submit\ncy.get('.action-form').find('[type=\"text\"]').type('HALFOFF');\ncy.get('.action-form').submit().next().should('contain', 'Your form has been submitted!');",
              "err": {},
              "uuid": "3c87ce50-0b6e-42d2-a035-906e0002d11e",
              "parentUUID": "7f4f0204-2253-43f5-98d6-b008ae76f999",
              "isHook": false,
              "skipped": false
            },
            {
              "title": ".click() - click on a DOM element",
              "fullTitle": "Actions .click() - click on a DOM element",
              "timedOut": null,
              "duration": 2706,
              "state": "passed",
              "speed": "fast",
              "pass": true,
              "fail": false,
              "pending": false,
              "context": null,
              "code": "// https://on.cypress.io/click\ncy.get('.action-btn').click();\n// You can click on 9 specific positions of an element:\n//  -----------------------------------\n// | topLeft        top       topRight |\n// |                                   |\n// |                                   |\n// |                                   |\n// | left          center        right |\n// |                                   |\n// |                                   |\n// |                                   |\n// | bottomLeft   bottom   bottomRight |\n//  -----------------------------------\n// clicking in the center of the element is the default\ncy.get('#action-canvas').click();\ncy.get('#action-canvas').click('topLeft');\ncy.get('#action-canvas').click('top');\ncy.get('#action-canvas').click('topRight');\ncy.get('#action-canvas').click('left');\ncy.get('#action-canvas').click('right');\ncy.get('#action-canvas').click('bottomLeft');\ncy.get('#action-canvas').click('bottom');\ncy.get('#action-canvas').click('bottomRight');\n// .click() accepts an x and y coordinate\n// that controls where the click occurs :)\ncy.get('#action-canvas').click(80, 75) // click 80px on x coord and 75px on y coord\n.click(170, 75).click(80, 165).click(100, 185).click(125, 190).click(150, 185).click(170, 165);\n// click multiple elements by passing multiple: true\ncy.get('.action-labels>.label').click({\n  multiple: true\n});\n// Ignore error checking prior to clicking\ncy.get('.action-opacity>.btn').click({\n  force: true\n});",
              "err": {},
              "uuid": "2927e498-3425-47f1-9912-0729a3b0da10",
              "parentUUID": "7f4f0204-2253-43f5-98d6-b008ae76f999",
              "isHook": false,
              "skipped": false
            },
            {
              "title": ".dblclick() - double click on a DOM element",
              "fullTitle": "Actions .dblclick() - double click on a DOM element",
              "timedOut": null,
              "duration": 299,
              "state": "passed",
              "speed": "fast",
              "pass": true,
              "fail": false,
              "pending": false,
              "context": null,
              "code": "// https://on.cypress.io/dblclick\n// Our app has a listener on 'dblclick' event in our 'scripts.js'\n// that hides the div and shows an input on double click\ncy.get('.action-div').dblclick().should('not.be.visible');\ncy.get('.action-input-hidden').should('be.visible');",
              "err": {},
              "uuid": "f965bbee-adb3-4371-b340-7e1782f2908c",
              "parentUUID": "7f4f0204-2253-43f5-98d6-b008ae76f999",
              "isHook": false,
              "skipped": false
            },
            {
              "title": ".rightclick() - right click on a DOM element",
              "fullTitle": "Actions .rightclick() - right click on a DOM element",
              "timedOut": null,
              "duration": 277,
              "state": "passed",
              "speed": "fast",
              "pass": true,
              "fail": false,
              "pending": false,
              "context": null,
              "code": "// https://on.cypress.io/rightclick\n// Our app has a listener on 'contextmenu' event in our 'scripts.js'\n// that hides the div and shows an input on right click\ncy.get('.rightclick-action-div').rightclick().should('not.be.visible');\ncy.get('.rightclick-action-input-hidden').should('be.visible');",
              "err": {},
              "uuid": "1e65557a-5024-4212-821e-c03cd75a3ea2",
              "parentUUID": "7f4f0204-2253-43f5-98d6-b008ae76f999",
              "isHook": false,
              "skipped": false
            },
            {
              "title": ".check() - check a checkbox or radio element",
              "fullTitle": "Actions .check() - check a checkbox or radio element",
              "timedOut": null,
              "duration": 1228,
              "state": "passed",
              "speed": "fast",
              "pass": true,
              "fail": false,
              "pending": false,
              "context": null,
              "code": "// https://on.cypress.io/check\n// By default, .check() will check all\n// matching checkbox or radio elements in succession, one after another\ncy.get('.action-checkboxes [type=\"checkbox\"]').not('[disabled]').check().should('be.checked');\ncy.get('.action-radios [type=\"radio\"]').not('[disabled]').check().should('be.checked');\n// .check() accepts a value argument\ncy.get('.action-radios [type=\"radio\"]').check('radio1').should('be.checked');\n// .check() accepts an array of values\ncy.get('.action-multiple-checkboxes [type=\"checkbox\"]').check(['checkbox1', 'checkbox2']).should('be.checked');\n// Ignore error checking prior to checking\ncy.get('.action-checkboxes [disabled]').check({\n  force: true\n}).should('be.checked');\ncy.get('.action-radios [type=\"radio\"]').check('radio3', {\n  force: true\n}).should('be.checked');",
              "err": {},
              "uuid": "80d5ed19-1a03-4ba4-aca0-0293ebe4b79a",
              "parentUUID": "7f4f0204-2253-43f5-98d6-b008ae76f999",
              "isHook": false,
              "skipped": false
            },
            {
              "title": ".uncheck() - uncheck a checkbox element",
              "fullTitle": "Actions .uncheck() - uncheck a checkbox element",
              "timedOut": null,
              "duration": 1062,
              "state": "passed",
              "speed": "fast",
              "pass": true,
              "fail": false,
              "pending": false,
              "context": null,
              "code": "// https://on.cypress.io/uncheck\n// By default, .uncheck() will uncheck all matching\n// checkbox elements in succession, one after another\ncy.get('.action-check [type=\"checkbox\"]').not('[disabled]').uncheck().should('not.be.checked');\n// .uncheck() accepts a value argument\ncy.get('.action-check [type=\"checkbox\"]').check('checkbox1').uncheck('checkbox1').should('not.be.checked');\n// .uncheck() accepts an array of values\ncy.get('.action-check [type=\"checkbox\"]').check(['checkbox1', 'checkbox3']).uncheck(['checkbox1', 'checkbox3']).should('not.be.checked');\n// Ignore error checking prior to unchecking\ncy.get('.action-check [disabled]').uncheck({\n  force: true\n}).should('not.be.checked');",
              "err": {},
              "uuid": "6214e8a9-9a13-471f-b4b6-189dfa488ff4",
              "parentUUID": "7f4f0204-2253-43f5-98d6-b008ae76f999",
              "isHook": false,
              "skipped": false
            },
            {
              "title": ".select() - select an option in a <select> element",
              "fullTitle": "Actions .select() - select an option in a <select> element",
              "timedOut": null,
              "duration": 1268,
              "state": "passed",
              "speed": "fast",
              "pass": true,
              "fail": false,
              "pending": false,
              "context": null,
              "code": "// https://on.cypress.io/select\n// at first, no option should be selected\ncy.get('.action-select').should('have.value', '--Select a fruit--');\n// Select option(s) with matching text content\ncy.get('.action-select').select('apples');\n// confirm the apples were selected\n// note that each value starts with \"fr-\" in our HTML\ncy.get('.action-select').should('have.value', 'fr-apples');\ncy.get('.action-select-multiple').select(['apples', 'oranges', 'bananas'])\n// when getting multiple values, invoke \"val\" method first\n.invoke('val').should('deep.equal', ['fr-apples', 'fr-oranges', 'fr-bananas']);\n// Select option(s) with matching value\ncy.get('.action-select').select('fr-bananas')\n// can attach an assertion right away to the element\n.should('have.value', 'fr-bananas');\ncy.get('.action-select-multiple').select(['fr-apples', 'fr-oranges', 'fr-bananas']).invoke('val').should('deep.equal', ['fr-apples', 'fr-oranges', 'fr-bananas']);\n// assert the selected values include oranges\ncy.get('.action-select-multiple').invoke('val').should('include', 'fr-oranges');",
              "err": {},
              "uuid": "6c2cda99-e22a-436a-8c60-bed538a007ab",
              "parentUUID": "7f4f0204-2253-43f5-98d6-b008ae76f999",
              "isHook": false,
              "skipped": false
            },
            {
              "title": ".scrollIntoView() - scroll an element into view",
              "fullTitle": "Actions .scrollIntoView() - scroll an element into view",
              "timedOut": null,
              "duration": 200,
              "state": "passed",
              "speed": "fast",
              "pass": true,
              "fail": false,
              "pending": false,
              "context": null,
              "code": "// https://on.cypress.io/scrollintoview\n// normally all of these buttons are hidden,\n// because they're not within\n// the viewable area of their parent\n// (we need to scroll to see them)\ncy.get('#scroll-horizontal button').should('not.be.visible');\n// scroll the button into view, as if the user had scrolled\ncy.get('#scroll-horizontal button').scrollIntoView().should('be.visible');\ncy.get('#scroll-vertical button').should('not.be.visible');\n// Cypress handles the scroll direction needed\ncy.get('#scroll-vertical button').scrollIntoView().should('be.visible');\ncy.get('#scroll-both button').should('not.be.visible');\n// Cypress knows to scroll to the right and down\ncy.get('#scroll-both button').scrollIntoView().should('be.visible');",
              "err": {},
              "uuid": "ba23171c-e241-479b-a3fc-5480f40ca793",
              "parentUUID": "7f4f0204-2253-43f5-98d6-b008ae76f999",
              "isHook": false,
              "skipped": false
            },
            {
              "title": ".trigger() - trigger an event on a DOM element",
              "fullTitle": "Actions .trigger() - trigger an event on a DOM element",
              "timedOut": null,
              "duration": 351,
              "state": "passed",
              "speed": "fast",
              "pass": true,
              "fail": false,
              "pending": false,
              "context": null,
              "code": "// https://on.cypress.io/trigger\n// To interact with a range input (slider)\n// we need to set its value & trigger the\n// event to signal it changed\n// Here, we invoke jQuery's val() method to set\n// the value and trigger the 'change' event\ncy.get('.trigger-input-range').invoke('val', 25).trigger('change').get('input[type=range]').siblings('p').should('have.text', '25');",
              "err": {},
              "uuid": "94dec853-33a3-49aa-98ac-106cba640615",
              "parentUUID": "7f4f0204-2253-43f5-98d6-b008ae76f999",
              "isHook": false,
              "skipped": false
            },
            {
              "title": "cy.scrollTo() - scroll the window or element to a position",
              "fullTitle": "Actions cy.scrollTo() - scroll the window or element to a position",
              "timedOut": null,
              "duration": 2159,
              "state": "passed",
              "speed": "fast",
              "pass": true,
              "fail": false,
              "pending": false,
              "context": null,
              "code": "// https://on.cypress.io/scrollto\n// You can scroll to 9 specific positions of an element:\n//  -----------------------------------\n// | topLeft        top       topRight |\n// |                                   |\n// |                                   |\n// |                                   |\n// | left          center        right |\n// |                                   |\n// |                                   |\n// |                                   |\n// | bottomLeft   bottom   bottomRight |\n//  -----------------------------------\n// if you chain .scrollTo() off of cy, we will\n// scroll the entire window\ncy.scrollTo('bottom');\ncy.get('#scrollable-horizontal').scrollTo('right');\n// or you can scroll to a specific coordinate:\n// (x axis, y axis) in pixels\ncy.get('#scrollable-vertical').scrollTo(250, 250);\n// or you can scroll to a specific percentage\n// of the (width, height) of the element\ncy.get('#scrollable-both').scrollTo('75%', '25%');\n// control the easing of the scroll (default is 'swing')\ncy.get('#scrollable-vertical').scrollTo('center', {\n  easing: 'linear'\n});\n// control the duration of the scroll (in ms)\ncy.get('#scrollable-both').scrollTo('center', {\n  duration: 2000\n});",
              "err": {},
              "uuid": "a2d8d0d6-d707-4e18-bce5-b3a51c978947",
              "parentUUID": "7f4f0204-2253-43f5-98d6-b008ae76f999",
              "isHook": false,
              "skipped": false
            }
          ],
          "suites": [],
          "passes": [
            "807b26a1-5a8d-427d-a49d-a4faf0ee6d86",
            "32f9d172-a537-4d47-9da4-aec89c3a715e",
            "46f1486f-c590-48ac-8f9a-f3d971ad5ee6",
            "0186eaff-f95d-4bb7-92e0-e23b6f01ab2c",
            "3c87ce50-0b6e-42d2-a035-906e0002d11e",
            "2927e498-3425-47f1-9912-0729a3b0da10",
            "f965bbee-adb3-4371-b340-7e1782f2908c",
            "1e65557a-5024-4212-821e-c03cd75a3ea2",
            "80d5ed19-1a03-4ba4-aca0-0293ebe4b79a",
            "6214e8a9-9a13-471f-b4b6-189dfa488ff4",
            "6c2cda99-e22a-436a-8c60-bed538a007ab",
            "ba23171c-e241-479b-a3fc-5480f40ca793",
            "94dec853-33a3-49aa-98ac-106cba640615",
            "a2d8d0d6-d707-4e18-bce5-b3a51c978947"
          ],
          "failures": [],
          "pending": [],
          "skipped": [],
          "duration": 16121,
          "root": false,
          "rootEmpty": false,
          "_timeout": 2000
        }
      ],
      "passes": [],
      "failures": [],
      "pending": [],
      "skipped": [],
      "duration": 0,
      "root": true,
      "rootEmpty": true,
      "_timeout": 2000
    }
  ],
  "meta": {
    "mocha": {
      "version": "7.0.1"
    },
    "mochawesome": {
      "options": {
        "quiet": false,
        "reportFilename": "report",
        "saveHtml": false,
        "saveJson": true,
        "consoleReporter": "spec",
        "useInlineDiffs": false,
        "code": true
      },
      "version": "7.1.3"
    },
    "marge": {
      "options": {
        "charts": true,
        "html": false,
        "json": true,
        "reportDir": "cypress/reports",
        "reportFilename": "report",
        "overwrite": false
      },
      "version": "6.2.0"
    }
  }
}